b 1
b 2
b 3
b 4
b 5
b 6
b 7
b 8
b 9
b 10
b 11
b 12
b 13
b 14
b 15
b 16
b 17
b 18
b 19
b 20
b 21
b 22
b 23
b 24
b 25
b 26
b 27
b 28
b 29
b 30
b 31
b 32
b 33
b 34
b 35
b 36
b 37
b 38
b 39
b 40
b 41
b 42
b 43
b 44
b 45
b 46
b 47
b 48
b 49
b 50
b 51
b 52
b 53
b 54
b 55
b 56
b 57
b 58
b 59
b 60
b 61
b 62
b 63
b 64
b 65
b 66
b 67
b 68
b 69
b 70
b 71
b 72
b 73
b 74
b 75
b 76
b 77
b 78
b 79
b 80
b 81
b 82
b 83
b 84
b 85
b 86
b 87
b 88
b 89
b 90
b 91
b 92
b 93
b 94
b 95
b 96
b 97
b 98
b 99
b 100
d 4 1
d 4 5
d 4 6
d 4 4
d 4 8
d 4 10
d 4 11
d 4 12
d 4 13
d 4 14
d 4 15
d 4 18
d 4 19
d 4 23
d 4 24
d 4 21
d 4 30
d 4 32
d 4 3
d 4 2
d 4 35
d 4 36
d 4 28
d 4 27
d 4 40
d 4 43
d 4 31
d 4 26
d 4 29
d 4 34
d 4 46
d 4 47
d 4 48
d 4 49
d 4 50
d 4 25
d 4 42
d 4 7
d 4 51
d 4 9
d 4 38
d 4 53
d 4 17
d 4 16
d 4 20
d 4 55
d 4 56
d 4 22
d 4 39
d 4 52
d 4 57
d 4 61
d 4 60
d 4 45
d 4 59
d 4 64
d 4 33
d 4 41
d 4 66
d 4 58
d 4 44
d 4 69
d 4 37
d 4 54
d 4 75
d 4 76
d 4 77
d 4 62
d 4 81
d 4 65
d 4 82
d 4 74
d 4 79
d 4 85
d 4 67
d 4 71
d 4 88
d 4 89
d 4 63
d 4 95
d 4 86
d 4 68
d 4 94
d 4 83
d 4 78
d 4 80
d 4 92
d 4 98
d 4 96
d 4 97
d 4 100
d 4 93
d 4 84
d 4 73
d 4 70
d 4 72
d 4 87
d 4 90
d 4 99
d 4 91
d 5 1
d 5 2
d 5 3
d 5 7
d 5 8
d 5 11
d 5 12
d 5 18
d 5 21
d 5 5
d 5 30
d 5 32
d 5 31
d 5 33
d 5 36
d 5 37
d 5 4
d 5 39
d 5 40
d 5 43
d 5 44
d 5 35
d 5 28
d 5 22
d 5 53
d 5 46
d 5 38
d 5 47
d 5 58
d 5 34
d 5 60
d 5 10
d 5 62
d 5 6
d 5 63
d 5 50
d 5 64
d 5 67
d 5 27
d 5 72
d 5 74
d 5 75
d 5 76
d 5 78
d 5 57
d 5 77
d 5 80
d 5 79
d 5 84
d 5 23
d 5 87
d 5 86
d 5 91
d 5 42
d 5 93
d 5 49
d 5 52
d 5 95
d 5 29
d 5 96
d 5 71
d 5 100
d 5 20
d 5 13
d 5 97
d 5 15
d 5 19
d 5 25
d 5 17
d 5 54
d 5 51
d 5 90
d 5 82
d 5 26
d 5 9
d 5 81
d 5 48
d 5 99
d 5 70
d 5 24
d 5 45
d 5 16
d 5 55
d 5 59
d 5 89
d 5 41
d 5 85
d 5 61
d 5 69
d 5 56
d 5 88
d 5 94
d 5 68
d 5 83
d 5 65
d 5 92
d 5 73
d 5 14
d 5 66
d 5 98
d 3 1
d 3 8
d 3 6
d 3 12
d 3 15
d 3 13
d 3 5
d 3 16
d 3 2
d 3 20
d 3 10
d 3 25
d 3 27
d 3 28
d 3 14
d 3 32
d 3 33
d 3 30
d 3 35
d 3 36
d 3 3
d 3 39
d 3 9
d 3 41
d 3 19
d 3 42
d 3 38
d 3 7
d 3 44
d 3 22
d 3 34
d 3 11
d 3 23
d 3 50
d 3 51
d 3 4
d 3 49
d 3 52
d 3 48
d 3 54
d 3 47
d 3 55
d 3 57
d 3 58
d 3 26
d 3 24
d 3 59
d 3 29
d 3 43
d 3 60
d 3 18
d 3 17
d 3 62
d 3 37
d 3 31
d 3 64
d 3 40
d 3 21
d 3 66
d 3 67
d 3 45
d 3 72
d 3 73
d 3 74
d 3 77
d 3 79
d 3 71
d 3 82
d 3 53
d 3 56
d 3 46
d 3 83
d 3 69
d 3 86
d 3 85
d 3 84
d 3 89
d 3 91
d 3 88
d 3 92
d 3 65
d 3 97
d 3 96
d 3 98
d 3 81
d 3 78
d 3 99
d 3 70
d 3 63
d 3 93
d 3 61
d 3 75
d 3 80
d 3 68
d 3 76
d 3 90
d 3 95
d 3 94
d 3 87
d 3 100
